<?xml version="1.0" encoding="UTF-8"?>
<testng-results skipped="0" failed="0" ignored="10" total="11" passed="1">
  <reporter-output>
  </reporter-output>
  <suite name="my suite" duration-ms="35" started-at="2019-02-25T07:00:10Z" finished-at="2019-02-25T07:00:10Z">
    <groups>
      <group name="Sanity">
        <method signature="Test3.m5(java.lang.String)[pri:0, instance:p1.Test3@d2cc05a]" name="m5" class="p1.Test3"/>
      </group> <!-- Sanity -->
    </groups>
    <test name="my test" duration-ms="35" started-at="2019-02-25T07:00:10Z" finished-at="2019-02-25T07:00:10Z">
      <class name="p1.Test3">
        <test-method status="PASS" signature="m5(java.lang.String)[pri:0, instance:p1.Test3@d2cc05a]" name="m5" duration-ms="11" started-at="2019-02-25T07:00:10Z" finished-at="2019-02-25T07:00:10Z">
          <params>
            <param index="0">
              <value>
                <![CDATA[http://google.co.in]]>
              </value>
            </param>
          </params>
          <reporter-output>
          </reporter-output>
        </test-method> <!-- m5 -->
      </class> <!-- p1.Test3 -->
    </test> <!-- my test -->
  </suite> <!-- my suite -->
</testng-results>
