<?xml version="1.0" encoding="UTF-8"?>
<testng-results skipped="0" failed="0" ignored="2" total="5" passed="3">
  <reporter-output>
  </reporter-output>
  <suite name="Suite" duration-ms="58" started-at="2020-04-12T08:07:35Z" finished-at="2020-04-12T08:07:35Z">
    <groups>
      <group name="Sanity">
        <method signature="Class_Test.test5()[pri:0, instance:TestNG_Class.Class_Test@100fc185]" name="test5" class="TestNG_Class.Class_Test"/>
      </group> <!-- Sanity -->
      <group name="Regression">
        <method signature="Class_Test.test2()[pri:0, instance:TestNG_Class.Class_Test@100fc185]" name="test2" class="TestNG_Class.Class_Test"/>
        <method signature="Class_Test.test4()[pri:0, instance:TestNG_Class.Class_Test@100fc185]" name="test4" class="TestNG_Class.Class_Test"/>
        <method signature="Class_Test.test5()[pri:0, instance:TestNG_Class.Class_Test@100fc185]" name="test5" class="TestNG_Class.Class_Test"/>
      </group> <!-- Regression -->
    </groups>
    <test name="Test" duration-ms="58" started-at="2020-04-12T08:07:35Z" finished-at="2020-04-12T08:07:35Z">
      <class name="TestNG_Class.Class_Test">
        <test-method status="PASS" signature="test2()[pri:0, instance:TestNG_Class.Class_Test@100fc185]" name="test2" duration-ms="12" started-at="2020-04-12T08:07:35Z" finished-at="2020-04-12T08:07:35Z">
          <reporter-output>
          </reporter-output>
        </test-method> <!-- test2 -->
        <test-method status="PASS" signature="test4()[pri:0, instance:TestNG_Class.Class_Test@100fc185]" name="test4" duration-ms="7" started-at="2020-04-12T08:07:35Z" finished-at="2020-04-12T08:07:35Z">
          <reporter-output>
          </reporter-output>
        </test-method> <!-- test4 -->
        <test-method status="PASS" signature="test5()[pri:0, instance:TestNG_Class.Class_Test@100fc185]" name="test5" duration-ms="2" started-at="2020-04-12T08:07:35Z" finished-at="2020-04-12T08:07:35Z">
          <reporter-output>
          </reporter-output>
        </test-method> <!-- test5 -->
      </class> <!-- TestNG_Class.Class_Test -->
    </test> <!-- Test -->
  </suite> <!-- Suite -->
</testng-results>
