<?xml version="1.0" encoding="UTF-8"?>
<testng-results skipped="0" failed="0" total="1" passed="1">
  <reporter-output>
  </reporter-output>
  <suite name="Default suite" duration-ms="8311" started-at="2017-11-04T14:58:04Z" finished-at="2017-11-04T14:58:13Z">
    <groups>
    </groups>
    <test name="Default test" duration-ms="8311" started-at="2017-11-04T14:58:04Z" finished-at="2017-11-04T14:58:13Z">
      <class name="TestFramework.basics3">
        <test-method status="PASS" signature="getData()" name="getData" is-config="true" duration-ms="24" started-at="2017-11-04T14:58:04Z" finished-at="2017-11-04T14:58:04Z">
        </test-method>
        <test-method status="PASS" signature="AddandDeletePlace()" name="AddandDeletePlace" duration-ms="8277" started-at="2017-11-04T14:58:04Z" finished-at="2017-11-04T14:58:13Z">
        </test-method>
      </class>
    </test>
  </suite>
</testng-results>
