<?xml version="1.0" encoding="UTF-8"?>
<testng-results skipped="0" failed="0" ignored="0" total="1" passed="1">
  <reporter-output>
  </reporter-output>
  <suite name="Default suite" duration-ms="27677" started-at="2020-04-01T06:54:42Z" finished-at="2020-04-01T06:55:09Z">
    <groups>
    </groups>
    <test name="Default test" duration-ms="27677" started-at="2020-04-01T06:54:42Z" finished-at="2020-04-01T06:55:09Z">
      <class name="feb2.Bootstrap">
        <test-method status="PASS" signature="test1()[pri:0, instance:feb2.Bootstrap@167fdd33]" name="test1" duration-ms="27641" started-at="2020-04-01T06:54:42Z" finished-at="2020-04-01T06:55:09Z">
          <reporter-output>
          </reporter-output>
        </test-method> <!-- test1 -->
      </class> <!-- feb2.Bootstrap -->
    </test> <!-- Default test -->
  </suite> <!-- Default suite -->
</testng-results>
