<?xml version="1.0" encoding="UTF-8"?>
<testng-results skipped="0" failed="0" ignored="0" total="1" passed="1">
  <reporter-output>
  </reporter-output>
  <suite name="Default suite" duration-ms="32642" started-at="2020-04-12T08:57:29Z" finished-at="2020-04-12T08:58:02Z">
    <groups>
    </groups>
    <test name="Default test" duration-ms="32642" started-at="2020-04-12T08:57:29Z" finished-at="2020-04-12T08:58:02Z">
      <class name="feb16.Driver_Quit">
        <test-method status="PASS" signature="Driver_Quit1()[pri:0, instance:feb16.Driver_Quit@167fdd33]" name="Driver_Quit1" duration-ms="32612" started-at="2020-04-12T08:57:29Z" finished-at="2020-04-12T08:58:02Z">
          <reporter-output>
          </reporter-output>
        </test-method> <!-- Driver_Quit1 -->
      </class> <!-- feb16.Driver_Quit -->
    </test> <!-- Default test -->
  </suite> <!-- Default suite -->
</testng-results>
