<?xml version="1.0" encoding="UTF-8"?><testsuite failures="0" name="cucumber.runtime.formatter.JUnitFormatter" skipped="0" tests="1" time="18.060045">
<testcase classname="free CRM login2 test scenario" name="free CRM login2 test scenario" time="18.060045">
<system-out><![CDATA[Given User is already on login page.........................................passed
When Title of login page is Free CRM........................................passed
Then User enters "admin" and "admin123".....................................passed
Then User clicks on login button............................................passed
And User is on home page....................................................passed
And User close the browser..................................................passed
]]></system-out>
</testcase>
</testsuite>
