<?xml version="1.0" encoding="UTF-8"?><testsuite failures="0" name="cucumber.runtime.formatter.JUnitFormatter" skipped="0" tests="2" time="31.847834">
<testcase classname="free CRM login feature" name="free CRM login2 test scenario" time="16.798082">
<system-out><![CDATA[Given User is already on login page.........................................passed
When Title of login page is Free CRM........................................passed
Then User enters "admin" and "admin123".....................................passed
Then User clicks on login button............................................passed
And User is on home page....................................................passed
And User close the browser..................................................passed
]]></system-out>
</testcase>
<testcase classname="free CRM login feature" name="free CRM login2 test scenario 2" time="15.049752">
<system-out><![CDATA[Given User is already on login page.........................................passed
When Title of login page is Free CRM........................................passed
Then User enters "admin" and "admin123".....................................passed
Then User clicks on login button............................................passed
And User is on home page....................................................passed
And User close the browser..................................................passed
]]></system-out>
</testcase>
</testsuite>
