<?xml version="1.0" encoding="UTF-8"?>
<!-- Generated by org.testng.reporters.JUnitXMLReporter -->
<testsuite hostname="DESKTOP-U94MBI6" ignored="0" name="Parallel_test" tests="3" failures="0" timestamp="15 Mar 2020 05:00:56 GMT" time="22.353" errors="0">
  <testcase name="test3" time="22.174" classname="ParallelTesting_TestNG.Parallel_Test"/>
  <testcase name="test2" time="22.26" classname="ParallelTesting_TestNG.Parallel_Test"/>
  <testcase name="test1" time="22.315" classname="ParallelTesting_TestNG.Parallel_Test"/>
</testsuite> <!-- Parallel_test -->
