<?xml version="1.0" encoding="UTF-8"?>
<!-- Generated by org.testng.reporters.JUnitXMLReporter -->
<testsuite hostname="DESKTOP-U94MBI6" ignored="0" name="Orange HRM Test" tests="5" failures="1" timestamp="15 Apr 2019 07:54:05 GMT" time="61.028" errors="0">
  <testcase name="VerifyHRMLogoTest" time="0.07" classname="com.qa.testcases.OHLoginPageTest"/>
  <testcase name="VerifyHomePageTest" time="0.105" classname="com.qa.testcases.OHHomePageTest"/>
  <testcase name="AddNewUserTest" time="3.303" classname="com.qa.testcases.OHAdminPageTest">
    <failure type="java.lang.NullPointerException">
      <![CDATA[java.lang.NullPointerException
	at com.qa.testcases.OHAdminPageTest.AddNewUserTest(OHAdminPageTest.java:36)
... Removed 25 stack frames]]>
    </failure>
  </testcase> <!-- AddNewUserTest -->
  <testcase name="LoginOrangeHRMTest" time="2.765" classname="com.qa.testcases.OHLoginPageTest"/>
  <testcase name="AddUserinAdminTest" time="4.264" classname="com.qa.testcases.OHHomePageTest"/>
</testsuite> <!-- Orange HRM Test -->
