<?xml version="1.0" encoding="UTF-8"?>
<!-- Generated by org.testng.reporters.JUnitXMLReporter -->
<testsuite hostname="DESKTOP-U94MBI6" ignored="0" name="Default test" tests="3" failures="0" timestamp="03 May 2019 12:31:47 GMT" time="7.649" errors="0">
  <testcase name="testBody" time="4.593" classname="getRequest.getData"/>
  <testcase name="testResponsecode" time="1.539" classname="getRequest.getData"/>
  <testcase name="test_numberOfCircuitsFor2017_Seacon" time="1.484" classname="getRequest.getData"/>
</testsuite> <!-- Default test -->
