<?xml version="1.0" encoding="UTF-8"?>
<!-- Generated by org.testng.reporters.JUnitXMLReporter -->
<testsuite hostname="IBM200-PC0GHXJ9" ignored="10" name="my test" tests="1" failures="0" timestamp="25 Feb 2019 07:00:10 GMT" time="0.035" errors="0">
  <testcase name="m5" time="0.011" classname="p1.Test3"/>
  <testcase name="m9" time="0.0" classname="p1.Test2">
    <ignored/>
  </testcase> <!-- m9 -->
  <testcase name="m10" time="0.0" classname="p2.Test4">
    <ignored/>
  </testcase> <!-- m10 -->
  <testcase name="m1" time="0.0" classname="p1.Test1">
    <ignored/>
  </testcase> <!-- m1 -->
  <testcase name="m11" time="0.0" classname="p2.Test4">
    <ignored/>
  </testcase> <!-- m11 -->
  <testcase name="m3" time="0.0" classname="p1.Test1">
    <ignored/>
  </testcase> <!-- m3 -->
  <testcase name="m4" time="0.0" classname="p1.Test3">
    <ignored/>
  </testcase> <!-- m4 -->
  <testcase name="m7" time="0.0" classname="p1.Test2">
    <ignored/>
  </testcase> <!-- m7 -->
  <testcase name="m8" time="0.0" classname="p1.Test2">
    <ignored/>
  </testcase> <!-- m8 -->
  <testcase name="m2" time="0.0" classname="p1.Test1">
    <ignored/>
  </testcase> <!-- m2 -->
  <testcase name="m6" time="0.0" classname="p1.Test3">
    <ignored/>
  </testcase> <!-- m6 -->
</testsuite> <!-- my test -->
