<?xml version="1.0" encoding="UTF-8"?>
<!-- Generated by org.testng.reporters.JUnitXMLReporter -->
<testsuite hostname="DESKTOP-U94MBI6" ignored="12" name="my test" tests="1" failures="0" timestamp="04 Apr 2020 11:51:52 GMT" time="0.051" errors="0">
  <testcase name="m5" time="0.014" classname="p1.Test3"/>
  <testcase name="m9" time="0.0" classname="p1.Test2">
    <ignored/>
  </testcase> <!-- m9 -->
  <testcase name="test1" time="0.0" classname="p1.TestNG_Annotation">
    <ignored/>
  </testcase> <!-- test1 -->
  <testcase name="m10" time="0.0" classname="p2.Test4">
    <ignored/>
  </testcase> <!-- m10 -->
  <testcase name="m1" time="0.0" classname="p1.Test1">
    <ignored/>
  </testcase> <!-- m1 -->
  <testcase name="m11" time="0.0" classname="p2.Test4">
    <ignored/>
  </testcase> <!-- m11 -->
  <testcase name="TestDataProvider" time="0.0" classname="p1.DataProviderTest">
    <ignored/>
  </testcase> <!-- TestDataProvider -->
  <testcase name="m3" time="0.0" classname="p1.Test1">
    <ignored/>
  </testcase> <!-- m3 -->
  <testcase name="m4" time="0.0" classname="p1.Test3">
    <ignored/>
  </testcase> <!-- m4 -->
  <testcase name="m7" time="0.0" classname="p1.Test2">
    <ignored/>
  </testcase> <!-- m7 -->
  <testcase name="m8" time="0.0" classname="p1.Test2">
    <ignored/>
  </testcase> <!-- m8 -->
  <testcase name="m2" time="0.0" classname="p1.Test1">
    <ignored/>
  </testcase> <!-- m2 -->
  <testcase name="m6" time="0.0" classname="p1.Test3">
    <ignored/>
  </testcase> <!-- m6 -->
</testsuite> <!-- my test -->
