<?xml version="1.0" encoding="UTF-8"?>
<testng-results skipped="0" failed="0" ignored="0" total="2" passed="2">
  <reporter-output>
  </reporter-output>
  <suite name="my suite" duration-ms="2556" started-at="2019-03-07T05:22:49Z" finished-at="2019-03-07T05:22:52Z">
    <groups>
    </groups>
    <test name="my test" duration-ms="2556" started-at="2019-03-07T05:22:49Z" finished-at="2019-03-07T05:22:52Z">
      <class name="tests.setup.Initilize">
        <test-method status="PASS" signature="setup(java.lang.String)[pri:0, instance:tests.setup.Initilize@4d95d2a2]" name="setup" is-config="true" duration-ms="8423" started-at="2019-03-07T05:22:41Z" finished-at="2019-03-07T05:22:49Z">
          <params>
            <param index="0">
              <value>
                <![CDATA[http://localhost:8999/hawtio]]>
              </value>
            </param>
          </params>
          <reporter-output>
          </reporter-output>
        </test-method> <!-- setup -->
      </class> <!-- tests.setup.Initilize -->
      <class name="tests.testCases.Test_Welcome_Page">
        <test-method status="PASS" signature="testFillForm()[pri:0, instance:tests.testCases.Test_Welcome_Page@3b088d51]" name="testFillForm" duration-ms="1191" started-at="2019-03-07T05:22:51Z" finished-at="2019-03-07T05:22:52Z">
          <reporter-output>
          </reporter-output>
        </test-method> <!-- testFillForm -->
      </class> <!-- tests.testCases.Test_Welcome_Page -->
      <class name="tests.testCases.Test_Threads">
        <test-method status="PASS" signature="testThreadsPage()[pri:0, instance:tests.testCases.Test_Threads@53f65459]" name="testThreadsPage" duration-ms="1330" started-at="2019-03-07T05:22:49Z" finished-at="2019-03-07T05:22:51Z">
          <reporter-output>
          </reporter-output>
        </test-method> <!-- testThreadsPage -->
      </class> <!-- tests.testCases.Test_Threads -->
    </test> <!-- my test -->
  </suite> <!-- my suite -->
</testng-results>
