<?xml version="1.0" encoding="UTF-8"?>
<!-- Generated by org.testng.reporters.JUnitXMLReporter -->
<testsuite hostname="DESKTOP-U94MBI6" ignored="0" name="Free CRM App Test Cases" tests="5" failures="0" timestamp="09 Apr 2019 05:07:36 GMT" time="0.121" errors="0">
  <testcase name="Testing1" time="0.047" classname="com.crm.qa.testcases.FirstTest"/>
  <testcase name="Testing2" time="0.006" classname="com.crm.qa.testcases.FirstTest"/>
  <testcase name="Testing3" time="0.002" classname="com.crm.qa.testcases.FirstTest"/>
  <testcase name="Testing4" time="0.002" classname="com.crm.qa.testcases.FirstTest"/>
  <testcase name="Testing5" time="0.003" classname="com.crm.qa.testcases.FirstTest"/>
</testsuite> <!-- Free CRM App Test Cases -->
