<?xml version="1.0" encoding="UTF-8"?>
<!-- Generated by org.testng.reporters.JUnitXMLReporter -->
<testsuite hostname="DESKTOP-U94MBI6" ignored="2" name="Test" tests="3" failures="0" timestamp="12 Apr 2020 08:07:35 GMT" time="0.058" errors="0">
  <testcase name="test2" time="0.012" classname="TestNG_Class.Class_Test"/>
  <testcase name="test4" time="0.007" classname="TestNG_Class.Class_Test"/>
  <testcase name="test5" time="0.002" classname="TestNG_Class.Class_Test"/>
  <testcase name="test1" time="0.0" classname="TestNG_Class.Class_Test">
    <ignored/>
  </testcase> <!-- test1 -->
  <testcase name="test3" time="0.0" classname="TestNG_Class.Class_Test">
    <ignored/>
  </testcase> <!-- test3 -->
</testsuite> <!-- Test -->
