<?xml version="1.0" encoding="UTF-8"?>
<!-- Generated by org.testng.reporters.JUnitXMLReporter -->
<testsuite hostname="DESKTOP-U94MBI6" name="Test" tests="9" failures="0" timestamp="5 Mar 2020 09:57:07 GMT" time="0.19" errors="0">
  <testcase name="@BeforeTest getData" time="0.0" classname="TestFramework.basics3">
    <failure type="java.io.FileNotFoundException" message="C:\Users\rahul\workspace\DemoProject\src\files\env.properties (The system cannot find the path specified)">
      <![CDATA[java.io.FileNotFoundException: C:\Users\rahul\workspace\DemoProject\src\files\env.properties (The system cannot find the path specified)
	at java.io.FileInputStream.open0(Native Method)
	at java.io.FileInputStream.open(FileInputStream.java:195)
	at java.io.FileInputStream.<init>(FileInputStream.java:138)
	at java.io.FileInputStream.<init>(FileInputStream.java:93)
	at TestFramework.basics6.getData(basics6.java:20)
... Removed 22 stack frames]]>
    </failure>
  </testcase> <!-- @BeforeTest getData -->
  <testcase name="@BeforeTest getData" time="0.0" classname="TestFramework.basics3">
    <skipped/>
  </testcase> <!-- @BeforeTest getData -->
  <testcase name="postDataXML" time="0.009" classname="TestFramework.basics4">
    <skipped/>
  </testcase> <!-- postDataXML -->
  <testcase name="getPlaceAPI" time="0.002" classname="TestFramework.basics">
    <skipped/>
  </testcase> <!-- getPlaceAPI -->
  <testcase name="AddandDeletePlace" time="0.001" classname="TestFramework.basics3">
    <skipped/>
  </testcase> <!-- AddandDeletePlace -->
  <testcase name="JiraAPICreateComment" time="0.003" classname="TestFramework.basics8">
    <skipped/>
  </testcase> <!-- JiraAPICreateComment -->
  <testcase name="JiraAPIUpdate" time="0.003" classname="TestFramework.basics8">
    <skipped/>
  </testcase> <!-- JiraAPIUpdate -->
  <testcase name="testResReqpost" time="0.001" classname="TestFramework.basics2">
    <skipped/>
  </testcase> <!-- testResReqpost -->
  <testcase name="JiraAPICreateComment" time="0.032" classname="TestFramework.basics7">
    <skipped/>
  </testcase> <!-- JiraAPICreateComment -->
  <testcase name="JiraAPICreateIssue" time="0.005" classname="TestFramework.basics6">
    <skipped/>
  </testcase> <!-- JiraAPICreateIssue -->
  <testcase name="extractingNamesAPI" time="0.002" classname="TestFramework.basics5">
    <skipped/>
  </testcase> <!-- extractingNamesAPI -->
</testsuite> <!-- Test -->
