<?xml version="1.0" encoding="UTF-8"?>
<testng-results skipped="9" failed="0" total="9" passed="0">
  <reporter-output>
  </reporter-output>
  <suite name="Suite" duration-ms="190" started-at="2020-03-05T09:57:07Z" finished-at="2020-03-05T09:57:07Z">
    <groups>
    </groups>
    <test name="Test" duration-ms="190" started-at="2020-03-05T09:57:07Z" finished-at="2020-03-05T09:57:07Z">
      <class name="TestFramework.basics2">
        <test-method status="SKIP" signature="testResReqpost()[pri:0, instance:TestFramework.basics2@563f38c4]" name="testResReqpost" duration-ms="1" started-at="2020-03-05T15:27:07Z" finished-at="2020-03-05T15:27:07Z">
          <reporter-output>
          </reporter-output>
        </test-method> <!-- testResReqpost -->
      </class> <!-- TestFramework.basics2 -->
      <class name="TestFramework.basics5">
        <test-method status="SKIP" signature="extractingNamesAPI()[pri:0, instance:TestFramework.basics5@117159c0]" name="extractingNamesAPI" duration-ms="2" started-at="2020-03-05T15:27:07Z" finished-at="2020-03-05T15:27:07Z">
          <reporter-output>
          </reporter-output>
        </test-method> <!-- extractingNamesAPI -->
      </class> <!-- TestFramework.basics5 -->
      <class name="TestFramework.basics6">
        <test-method status="SKIP" signature="JiraAPICreateIssue()[pri:0, instance:TestFramework.basics6@793f29ff]" name="JiraAPICreateIssue" duration-ms="5" started-at="2020-03-05T15:27:07Z" finished-at="2020-03-05T15:27:07Z">
          <reporter-output>
          </reporter-output>
        </test-method> <!-- JiraAPICreateIssue -->
      </class> <!-- TestFramework.basics6 -->
      <class name="TestFramework.basics3">
        <test-method status="PASS" signature="getData()[pri:0, instance:TestFramework.basics3@248e319b]" name="getData" is-config="true" duration-ms="31" started-at="2020-03-05T15:27:07Z" finished-at="2020-03-05T15:27:07Z">
          <reporter-output>
          </reporter-output>
        </test-method> <!-- getData -->
        <test-method status="FAIL" signature="getData()[pri:0, instance:TestFramework.basics6@793f29ff]" name="getData" is-config="true" duration-ms="0" started-at="2020-03-05T15:27:07Z" finished-at="2020-03-05T15:27:07Z">
          <exception class="java.io.FileNotFoundException">
            <message>
              <![CDATA[C:\Users\rahul\workspace\DemoProject\src\files\env.properties (The system cannot find the path specified)]]>
            </message>
            <full-stacktrace>
              <![CDATA[java.io.FileNotFoundException: C:\Users\rahul\workspace\DemoProject\src\files\env.properties (The system cannot find the path specified)
	at java.io.FileInputStream.open0(Native Method)
	at java.io.FileInputStream.open(FileInputStream.java:195)
	at java.io.FileInputStream.<init>(FileInputStream.java:138)
	at java.io.FileInputStream.<init>(FileInputStream.java:93)
	at TestFramework.basics6.getData(basics6.java:20)
	at sun.reflect.NativeMethodAccessorImpl.invoke0(Native Method)
	at sun.reflect.NativeMethodAccessorImpl.invoke(NativeMethodAccessorImpl.java:62)
	at sun.reflect.DelegatingMethodAccessorImpl.invoke(DelegatingMethodAccessorImpl.java:43)
	at java.lang.reflect.Method.invoke(Method.java:498)
	at org.testng.internal.MethodInvocationHelper.invokeMethod(MethodInvocationHelper.java:86)
	at org.testng.internal.Invoker.invokeConfigurationMethod(Invoker.java:514)
	at org.testng.internal.Invoker.invokeConfigurations(Invoker.java:215)
	at org.testng.internal.Invoker.invokeConfigurations(Invoker.java:142)
	at org.testng.TestRunner.beforeRun(TestRunner.java:656)
	at org.testng.TestRunner.run(TestRunner.java:624)
	at org.testng.SuiteRunner.runTest(SuiteRunner.java:366)
	at org.testng.SuiteRunner.runSequentially(SuiteRunner.java:361)
	at org.testng.SuiteRunner.privateRun(SuiteRunner.java:319)
	at org.testng.SuiteRunner.run(SuiteRunner.java:268)
	at org.testng.SuiteRunnerWorker.runSuite(SuiteRunnerWorker.java:52)
	at org.testng.SuiteRunnerWorker.run(SuiteRunnerWorker.java:86)
	at org.testng.TestNG.runSuitesSequentially(TestNG.java:1244)
	at org.testng.TestNG.runSuitesLocally(TestNG.java:1169)
	at org.testng.TestNG.run(TestNG.java:1064)
	at org.testng.remote.AbstractRemoteTestNG.run(AbstractRemoteTestNG.java:115)
	at org.testng.remote.RemoteTestNG.initAndRun(RemoteTestNG.java:251)
	at org.testng.remote.RemoteTestNG.main(RemoteTestNG.java:77)
]]>
            </full-stacktrace>
          </exception> <!-- java.io.FileNotFoundException -->
          <reporter-output>
          </reporter-output>
        </test-method> <!-- getData -->
        <test-method status="SKIP" signature="getData()[pri:0, instance:TestFramework.basics8@5d0bf09b]" name="getData" is-config="true" duration-ms="0" started-at="2020-03-05T15:27:07Z" finished-at="2020-03-05T15:27:07Z">
          <reporter-output>
          </reporter-output>
        </test-method> <!-- getData -->
        <test-method status="SKIP" signature="AddandDeletePlace()[pri:0, instance:TestFramework.basics3@248e319b]" name="AddandDeletePlace" duration-ms="1" started-at="2020-03-05T15:27:07Z" finished-at="2020-03-05T15:27:07Z">
          <reporter-output>
          </reporter-output>
        </test-method> <!-- AddandDeletePlace -->
      </class> <!-- TestFramework.basics3 -->
      <class name="TestFramework.basics4">
        <test-method status="SKIP" signature="postDataXML()[pri:0, instance:TestFramework.basics4@3e8c3cb]" name="postDataXML" duration-ms="9" started-at="2020-03-05T15:27:07Z" finished-at="2020-03-05T15:27:07Z">
          <reporter-output>
          </reporter-output>
        </test-method> <!-- postDataXML -->
      </class> <!-- TestFramework.basics4 -->
      <class name="TestFramework.basics7">
        <test-method status="SKIP" signature="JiraAPICreateComment()[pri:0, instance:TestFramework.basics7@54422e18]" name="JiraAPICreateComment" duration-ms="32" started-at="2020-03-05T15:27:07Z" finished-at="2020-03-05T15:27:07Z">
          <reporter-output>
          </reporter-output>
        </test-method> <!-- JiraAPICreateComment -->
      </class> <!-- TestFramework.basics7 -->
      <class name="TestFramework.basics8">
        <test-method status="SKIP" signature="JiraAPICreateComment()[pri:0, instance:TestFramework.basics8@5d0bf09b]" name="JiraAPICreateComment" duration-ms="3" started-at="2020-03-05T15:27:07Z" finished-at="2020-03-05T15:27:07Z">
          <reporter-output>
          </reporter-output>
        </test-method> <!-- JiraAPICreateComment -->
        <test-method status="SKIP" signature="JiraAPIUpdate()[pri:0, instance:TestFramework.basics8@5d0bf09b]" name="JiraAPIUpdate" duration-ms="3" started-at="2020-03-05T15:27:07Z" finished-at="2020-03-05T15:27:07Z">
          <reporter-output>
          </reporter-output>
        </test-method> <!-- JiraAPIUpdate -->
      </class> <!-- TestFramework.basics8 -->
      <class name="TestFramework.basics">
        <test-method status="SKIP" signature="getPlaceAPI()[pri:0, instance:TestFramework.basics@543295b0]" name="getPlaceAPI" duration-ms="2" started-at="2020-03-05T15:27:07Z" finished-at="2020-03-05T15:27:07Z">
          <reporter-output>
          </reporter-output>
        </test-method> <!-- getPlaceAPI -->
      </class> <!-- TestFramework.basics -->
    </test> <!-- Test -->
  </suite> <!-- Suite -->
</testng-results>
