<?xml version="1.0" encoding="UTF-8"?>
<testng-results skipped="0" failed="0" total="3" passed="3">
  <reporter-output>
  </reporter-output>
  <suite name="Default suite" duration-ms="7090" started-at="2020-03-06T16:55:12Z" finished-at="2020-03-06T16:55:19Z">
    <groups>
    </groups>
    <test name="Default test" duration-ms="7090" started-at="2020-03-06T16:55:12Z" finished-at="2020-03-06T16:55:19Z">
      <class name="TestFramework.basics2">
        <test-method status="PASS" signature="testResReq()[pri:0, instance:TestFramework.basics2@59fa1d9b]" name="testResReq" duration-ms="4712" started-at="2020-03-06T22:25:12Z" finished-at="2020-03-06T22:25:16Z">
          <reporter-output>
          </reporter-output>
        </test-method> <!-- testResReq -->
        <test-method status="PASS" signature="testResReqpost()[pri:0, instance:TestFramework.basics2@59fa1d9b]" name="testResReqpost" duration-ms="1204" started-at="2020-03-06T22:25:16Z" finished-at="2020-03-06T22:25:18Z">
          <reporter-output>
          </reporter-output>
        </test-method> <!-- testResReqpost -->
        <test-method status="PASS" signature="testResReqpost1()[pri:0, instance:TestFramework.basics2@59fa1d9b]" name="testResReqpost1" duration-ms="1137" started-at="2020-03-06T22:25:18Z" finished-at="2020-03-06T22:25:19Z">
          <reporter-output>
          </reporter-output>
        </test-method> <!-- testResReqpost1 -->
      </class> <!-- TestFramework.basics2 -->
    </test> <!-- Default test -->
  </suite> <!-- Default suite -->
</testng-results>
